../Site_map/sitemap.xml
../Site_map/siteamap76.xml
../Site_map/sitebmap62.xml
../Site_map/sitecmap0.xml
../Site_map/sitedmap64.xml
../Site_map/siteemap6.xml
../Site_map/sitefmap79.xml
../Site_map/sitegmap45.xml
../Site_map/sitehmap6.xml
../Site_map/siteimap2.xml
../Site_map/sitejmap11.xml
../Site_map/sitekmap35.xml
../Site_map/sitelmap36.xml
../Site_map/sitemmap9.xml
../Site_map/sitenmap5.xml
../Site_map/siteomap56.xml
../Site_map/sitepmap2.xml
../Site_map/siteqmap49.xml
../Site_map/sitermap28.xml
../Site_map/sitesmap7.xml
../Site_map/sitetmap44.xml
../Site_map/siteumap77.xml
../Site_map/sitevmap89.xml
../Site_map/sitewmap3.xml
